Watching for file changes with StatReloader
Watching for file changes with StatReloader
[14/May/2020 17:02:24] "GET / HTTP/1.1" 200 2711
[14/May/2020 17:02:24] "GET /static/fonts/hYkJPu0-RP_9d3kRKxcrr916-B4.woff2 HTTP/1.1" 304 0
[14/May/2020 17:02:28] "GET / HTTP/1.1" 200 2711
[14/May/2020 17:02:28] "GET / HTTP/1.1" 200 2711
[14/May/2020 17:02:28] "GET / HTTP/1.1" 200 2711
[15/May/2020 09:42:21] "GET / HTTP/1.1" 200 2711
Not Found: /favicon.ico
[15/May/2020 09:42:21] "GET /favicon.ico HTTP/1.1" 404 5088
[18/May/2020 10:01:00] "GET / HTTP/1.1" 200 2711
[18/May/2020 10:01:00] "GET /static/js/bootstrap.min.js HTTP/1.1" 200 48944
[18/May/2020 10:01:00] "GET /static/css/app.css HTTP/1.1" 200 784
[18/May/2020 10:01:00] "GET /static/css/bootstrap.min.css HTTP/1.1" 200 144877
[18/May/2020 10:01:00] "GET /static/fonts/hYkJPu0-RP_9d3kRKxcrr916-B4.woff2 HTTP/1.1" 200 19676
Not Found: /favicon.ico
[18/May/2020 10:01:00] "GET /favicon.ico HTTP/1.1" 404 5088
[18/May/2020 10:01:10] "GET /boards/1/category/9999 HTTP/1.1" 200 6121
[18/May/2020 10:01:17] "GET /login/ HTTP/1.1" 200 2118
[18/May/2020 10:01:17] "GET /static/css/accounts.css HTTP/1.1" 200 202
[18/May/2020 10:01:17] "GET /static/img/hypnotize.png HTTP/1.1" 200 62237
[18/May/2020 10:01:26] "POST /login/ HTTP/1.1" 302 0
[18/May/2020 10:01:26] "GET / HTTP/1.1" 200 3276
[18/May/2020 10:01:31] "GET /admin HTTP/1.1" 301 0
[18/May/2020 10:01:31] "GET /admin/ HTTP/1.1" 302 0
[18/May/2020 10:01:31] "GET /admin/login/?next=/admin/ HTTP/1.1" 200 2070
[18/May/2020 10:01:31] "GET /static/admin/css/base.css HTTP/1.1" 200 16378
[18/May/2020 10:01:31] "GET /static/admin/css/login.css HTTP/1.1" 200 1233
[18/May/2020 10:01:31] "GET /static/admin/css/responsive.css HTTP/1.1" 200 18052
[18/May/2020 10:01:31] "GET /static/admin/css/fonts.css HTTP/1.1" 200 423
[18/May/2020 10:01:31] "GET /static/admin/fonts/Roboto-Light-webfont.woff HTTP/1.1" 200 85692
[18/May/2020 10:01:31] "GET /static/admin/fonts/Roboto-Bold-webfont.woff HTTP/1.1" 200 86184
[18/May/2020 10:01:31] "GET /static/admin/fonts/Roboto-Regular-webfont.woff HTTP/1.1" 200 85876
[18/May/2020 10:01:57] "POST /admin/login/?next=/admin/ HTTP/1.1" 200 2231
[18/May/2020 10:02:00] "GET /admin/login/?next=/admin/ HTTP/1.1" 200 2070
[18/May/2020 10:02:06] "POST /admin/login/?next=/admin/ HTTP/1.1" 200 2231
[18/May/2020 10:02:11] "POST /admin/login/?next=/admin/ HTTP/1.1" 302 0
[18/May/2020 10:02:11] "GET /admin/ HTTP/1.1" 200 8583
[18/May/2020 10:02:11] "GET /static/admin/css/dashboard.css HTTP/1.1" 200 412
[18/May/2020 10:02:11] "GET /static/admin/img/icon-changelink.svg HTTP/1.1" 200 380
[18/May/2020 10:02:11] "GET /static/admin/img/icon-addlink.svg HTTP/1.1" 200 331
[18/May/2020 10:02:20] "GET /admin/boards/board/add/ HTTP/1.1" 200 8286
[18/May/2020 10:02:20] "GET /static/admin/js/calendar.js HTTP/1.1" 200 7777
[18/May/2020 10:02:20] "GET /static/admin/css/forms.css HTTP/1.1" 200 8518
[18/May/2020 10:02:20] "GET /static/admin/js/admin/DateTimeShortcuts.js HTTP/1.1" 200 20232
[18/May/2020 10:02:20] "GET /static/admin/js/jquery.init.js HTTP/1.1" 200 363
[18/May/2020 10:02:20] "GET /static/admin/js/admin/RelatedObjectLookups.js HTTP/1.1" 200 6918
[18/May/2020 10:02:20] "GET /static/admin/css/widgets.css HTTP/1.1" 200 10322
[18/May/2020 10:02:20] "GET /admin/jsi18n/ HTTP/1.1" 200 3223
[18/May/2020 10:02:20] "GET /static/admin/js/core.js HTTP/1.1" 200 5723
[18/May/2020 10:02:20] "GET /static/admin/js/urlify.js HTTP/1.1" 200 8941
[18/May/2020 10:02:20] "GET /static/admin/js/actions.js HTTP/1.1" 200 6766
[18/May/2020 10:02:20] "GET /static/admin/js/vendor/jquery/jquery.js HTTP/1.1" 200 280364
[18/May/2020 10:02:20] "GET /static/admin/js/prepopulate.js HTTP/1.1" 200 1530
[18/May/2020 10:02:21] "GET /static/admin/js/vendor/xregexp/xregexp.js HTTP/1.1" 200 128820
[18/May/2020 10:02:21] "GET /static/admin/js/change_form.js HTTP/1.1" 200 712
[18/May/2020 10:02:21] "GET /static/admin/js/prepopulate_init.js HTTP/1.1" 200 495
[18/May/2020 10:02:21] "GET /static/admin/img/icon-deletelink.svg HTTP/1.1" 200 392
[18/May/2020 10:02:21] "GET /static/admin/img/icon-calendar.svg HTTP/1.1" 200 1086
[18/May/2020 10:02:21] "GET /static/admin/img/icon-clock.svg HTTP/1.1" 200 677
[18/May/2020 10:02:40] "GET /static/admin/img/calendar-icons.svg HTTP/1.1" 200 1094
[18/May/2020 10:02:58] "POST /admin/boards/board/add/ HTTP/1.1" 302 0
[18/May/2020 10:02:58] "GET /admin/boards/board/ HTTP/1.1" 200 4721
[18/May/2020 10:02:58] "GET /static/admin/css/changelists.css HTTP/1.1" 200 6190
[18/May/2020 10:02:58] "GET /admin/jsi18n/ HTTP/1.1" 200 3223
[18/May/2020 10:02:58] "GET /static/admin/img/tooltag-add.svg HTTP/1.1" 200 331
[18/May/2020 10:02:58] "GET /static/admin/img/icon-yes.svg HTTP/1.1" 200 436
[18/May/2020 10:03:03] "GET /admin/ HTTP/1.1" 200 8587
[18/May/2020 10:03:05] "GET /admin/ HTTP/1.1" 200 8587
[18/May/2020 10:03:07] "GET /admin/boards/board/ HTTP/1.1" 200 4540
[18/May/2020 10:03:12] "GET / HTTP/1.1" 200 4107
[18/May/2020 10:03:13] "GET /boards/2/category/9999 HTTP/1.1" 200 2815
/home/i073330/agile-retro/agileretro/urls.py changed, reloading.
Performing system checks...

System check identified no issues (0 silenced).

You have 2 unapplied migration(s). Your project may not work properly until you apply the migrations for app(s): auth.
Run 'python manage.py migrate' to apply them.
May 14, 2020 - 17:02:23
Django version 3.0.6, using settings 'agileretro.settings'
Starting development server at http://0.0.0.0:9999/
Quit the server with CONTROL-C.
Watching for file changes with StatReloader
